23:32:58.517 [ERROR] [org.gradle.BuildExceptionReporter] 
23:32:58.518 [ERROR] [org.gradle.BuildExceptionReporter] FAILURE: Build failed with an exception.
23:32:58.519 [ERROR] [org.gradle.BuildExceptionReporter] 
23:32:58.519 [ERROR] [org.gradle.BuildExceptionReporter] * What went wrong:
23:32:58.519 [ERROR] [org.gradle.BuildExceptionReporter] Could not resolve all dependencies for configuration ':compile'.
23:32:58.519 [ERROR] [org.gradle.BuildExceptionReporter] > Could not resolve com.levelsbeyond.nimbus.common.ui:NimbusCommonLibs:1.50.0.
23:32:58.520 [ERROR] [org.gradle.BuildExceptionReporter]   Required by:
23:32:58.520 [ERROR] [org.gradle.BuildExceptionReporter]       :swc-dep-test:unspecified
23:32:58.520 [ERROR] [org.gradle.BuildExceptionReporter]    > Could not resolve com.levelsbeyond.nimbus.common.ui:NimbusCommonLibs:1.50.0.
23:32:58.520 [ERROR] [org.gradle.BuildExceptionReporter]       > Could not get resource 'http://levelsbeyond.artifactoryonline.com/levelsbeyond/libs-releases-local/com/levelsbeyond/nimbus/common/ui/NimbusCommonLibs/1.50.0/NimbusCommonLibs-1.50.0.pom'.
23:32:58.521 [ERROR] [org.gradle.BuildExceptionReporter]          > Could not GET 'http://levelsbeyond.artifactoryonline.com/levelsbeyond/libs-releases-local/com/levelsbeyond/nimbus/common/ui/NimbusCommonLibs/1.50.0/NimbusCommonLibs-1.50.0.pom'. Received status code 401 from server: Unauthorized
23:32:58.521 [ERROR] [org.gradle.BuildExceptionReporter] 
23:32:58.522 [ERROR] [org.gradle.BuildExceptionReporter] * Exception is:
23:32:58.523 [ERROR] [org.gradle.BuildExceptionReporter] org.gradle.api.artifacts.ResolveException: Could not resolve all dependencies for configuration ':compile'.
23:32:58.524 [ERROR] [org.gradle.BuildExceptionReporter] 	at org.gradle.api.internal.artifacts.ivyservice.DefaultLenientConfiguration.rethrowFailure(DefaultLenientConfiguration.java:62)
23:32:58.524 [ERROR] [org.gradle.BuildExceptionReporter] 	at org.gradle.api.internal.artifacts.ivyservice.DefaultResolvedConfiguration.rethrowFailure(DefaultResolvedConfiguration.java:36)
23:32:58.524 [ERROR] [org.gradle.BuildExceptionReporter] 	at org.gradle.api.internal.artifacts.ivyservice.SelfResolvingDependencyConfigurationResolver$FilesAggregatingResolvedConfiguration.rethrowFailure(SelfResolvingDependencyConfigurationResolver.java:112)
23:32:58.524 [ERROR] [org.gradle.BuildExceptionReporter] 	at org.gradle.api.internal.artifacts.ivyservice.ErrorHandlingConfigurationResolver$ErrorHandlingResolvedConfiguration.rethrowFailure(ErrorHandlingConfigurationResolver.java:189)
23:32:58.525 [ERROR] [org.gradle.BuildExceptionReporter] 	at org.gradle.api.internal.artifacts.configurations.DefaultConfiguration$ConfigurationFileCollection.getFiles(DefaultConfiguration.java:644)
23:32:58.525 [ERROR] [org.gradle.BuildExceptionReporter] 	at org.gradle.api.internal.artifacts.configurations.DefaultConfiguration.getFiles(DefaultConfiguration.java:280)
23:32:58.525 [ERROR] [org.gradle.BuildExceptionReporter] 	at org.gradle.api.internal.artifacts.configurations.DefaultConfiguration_Decorated.getFiles(Unknown Source)
23:32:58.526 [ERROR] [org.gradle.BuildExceptionReporter] 	at org.gradle.api.internal.file.collections.DefaultFileCollectionResolveContext$FileTreeConverter.convertInto(DefaultFileCollectionResolveContext.java:194)
23:32:58.526 [ERROR] [org.gradle.BuildExceptionReporter] 	at org.gradle.api.internal.file.collections.DefaultFileCollectionResolveContext.doResolve(DefaultFileCollectionResolveContext.java:106)
23:32:58.526 [ERROR] [org.gradle.BuildExceptionReporter] 	at org.gradle.api.internal.file.collections.DefaultFileCollectionResolveContext.resolveAsFileTrees(DefaultFileCollectionResolveContext.java:78)
23:32:58.526 [ERROR] [org.gradle.BuildExceptionReporter] 	at org.gradle.api.internal.file.collections.DefaultFileCollectionResolveContext$FileTreeConverter.convertInto(DefaultFileCollectionResolveContext.java:185)
23:32:58.527 [ERROR] [org.gradle.BuildExceptionReporter] 	at org.gradle.api.internal.file.collections.DefaultFileCollectionResolveContext.doResolve(DefaultFileCollectionResolveContext.java:101)
23:32:58.527 [ERROR] [org.gradle.BuildExceptionReporter] 	at org.gradle.api.internal.file.collections.DefaultFileCollectionResolveContext.resolveAsFileTrees(DefaultFileCollectionResolveContext.java:78)
23:32:58.527 [ERROR] [org.gradle.BuildExceptionReporter] 	at org.gradle.api.internal.file.CompositeFileCollection$1.resolve(CompositeFileCollection.java:88)
23:32:58.527 [ERROR] [org.gradle.BuildExceptionReporter] 	at org.gradle.api.internal.file.CompositeFileCollection.getSourceCollections(CompositeFileCollection.java:143)
23:32:58.528 [ERROR] [org.gradle.BuildExceptionReporter] 	at org.gradle.api.internal.file.CompositeFileTree.getSourceCollections(CompositeFileTree.java:31)
23:32:58.528 [ERROR] [org.gradle.BuildExceptionReporter] 	at org.gradle.api.internal.file.CompositeFileCollection.getFiles(CompositeFileCollection.java:38)
23:32:58.528 [ERROR] [org.gradle.BuildExceptionReporter] 	at org.gradle.api.internal.changedetection.state.DefaultFileCollectionSnapshotter.snapshot(DefaultFileCollectionSnapshotter.java:47)
23:32:58.528 [ERROR] [org.gradle.BuildExceptionReporter] 	at org.gradle.api.internal.changedetection.rules.TaskUpToDateState.<init>(TaskUpToDateState.java:55)
23:32:58.529 [ERROR] [org.gradle.BuildExceptionReporter] 	at org.gradle.api.internal.changedetection.changes.DefaultTaskArtifactStateRepository$TaskArtifactStateImpl.getStates(DefaultTaskArtifactStateRepository.java:126)
23:32:58.529 [ERROR] [org.gradle.BuildExceptionReporter] 	at org.gradle.api.internal.changedetection.changes.DefaultTaskArtifactStateRepository$TaskArtifactStateImpl.isUpToDate(DefaultTaskArtifactStateRepository.java:69)
23:32:58.529 [ERROR] [org.gradle.BuildExceptionReporter] 	at org.gradle.api.internal.tasks.execution.SkipUpToDateTaskExecuter.execute(SkipUpToDateTaskExecuter.java:52)
23:32:58.530 [ERROR] [org.gradle.BuildExceptionReporter] 	at org.gradle.api.internal.tasks.execution.ValidatingTaskExecuter.execute(ValidatingTaskExecuter.java:58)
23:32:58.530 [ERROR] [org.gradle.BuildExceptionReporter] 	at org.gradle.api.internal.tasks.execution.SkipEmptySourceFilesTaskExecuter.execute(SkipEmptySourceFilesTaskExecuter.java:52)
23:32:58.530 [ERROR] [org.gradle.BuildExceptionReporter] 	at org.gradle.api.internal.tasks.execution.SkipTaskWithNoActionsExecuter.execute(SkipTaskWithNoActionsExecuter.java:52)
23:32:58.530 [ERROR] [org.gradle.BuildExceptionReporter] 	at org.gradle.api.internal.tasks.execution.SkipOnlyIfTaskExecuter.execute(SkipOnlyIfTaskExecuter.java:53)
23:32:58.531 [ERROR] [org.gradle.BuildExceptionReporter] 	at org.gradle.api.internal.tasks.execution.ExecuteAtMostOnceTaskExecuter.execute(ExecuteAtMostOnceTaskExecuter.java:43)
23:32:58.531 [ERROR] [org.gradle.BuildExceptionReporter] 	at org.gradle.execution.taskgraph.DefaultTaskGraphExecuter$EventFiringTaskWorker.execute(DefaultTaskGraphExecuter.java:203)
23:32:58.531 [ERROR] [org.gradle.BuildExceptionReporter] 	at org.gradle.execution.taskgraph.DefaultTaskGraphExecuter$EventFiringTaskWorker.execute(DefaultTaskGraphExecuter.java:185)
23:32:58.531 [ERROR] [org.gradle.BuildExceptionReporter] 	at org.gradle.execution.taskgraph.AbstractTaskPlanExecutor$TaskExecutorWorker.processTask(AbstractTaskPlanExecutor.java:62)
23:32:58.532 [ERROR] [org.gradle.BuildExceptionReporter] 	at org.gradle.execution.taskgraph.AbstractTaskPlanExecutor$TaskExecutorWorker.run(AbstractTaskPlanExecutor.java:50)
23:32:58.532 [ERROR] [org.gradle.BuildExceptionReporter] 	at org.gradle.execution.taskgraph.DefaultTaskPlanExecutor.process(DefaultTaskPlanExecutor.java:25)
23:32:58.532 [ERROR] [org.gradle.BuildExceptionReporter] 	at org.gradle.execution.taskgraph.DefaultTaskGraphExecuter.execute(DefaultTaskGraphExecuter.java:110)
23:32:58.533 [ERROR] [org.gradle.BuildExceptionReporter] 	at org.gradle.execution.SelectedTaskExecutionAction.execute(SelectedTaskExecutionAction.java:37)
23:32:58.533 [ERROR] [org.gradle.BuildExceptionReporter] 	at org.gradle.execution.DefaultBuildExecuter.execute(DefaultBuildExecuter.java:37)
23:32:58.533 [ERROR] [org.gradle.BuildExceptionReporter] 	at org.gradle.execution.DefaultBuildExecuter.access$000(DefaultBuildExecuter.java:23)
23:32:58.534 [ERROR] [org.gradle.BuildExceptionReporter] 	at org.gradle.execution.DefaultBuildExecuter$1.proceed(DefaultBuildExecuter.java:43)
23:32:58.534 [ERROR] [org.gradle.BuildExceptionReporter] 	at org.gradle.execution.DryRunBuildExecutionAction.execute(DryRunBuildExecutionAction.java:32)
23:32:58.534 [ERROR] [org.gradle.BuildExceptionReporter] 	at org.gradle.execution.DefaultBuildExecuter.execute(DefaultBuildExecuter.java:37)
23:32:58.535 [ERROR] [org.gradle.BuildExceptionReporter] 	at org.gradle.execution.DefaultBuildExecuter.execute(DefaultBuildExecuter.java:30)
23:32:58.535 [ERROR] [org.gradle.BuildExceptionReporter] 	at org.gradle.initialization.DefaultGradleLauncher$4.run(DefaultGradleLauncher.java:158)
23:32:58.535 [ERROR] [org.gradle.BuildExceptionReporter] 	at org.gradle.internal.Factories$1.create(Factories.java:22)
23:32:58.535 [ERROR] [org.gradle.BuildExceptionReporter] 	at org.gradle.internal.progress.DefaultBuildOperationExecutor.run(DefaultBuildOperationExecutor.java:90)
23:32:58.536 [ERROR] [org.gradle.BuildExceptionReporter] 	at org.gradle.internal.progress.DefaultBuildOperationExecutor.run(DefaultBuildOperationExecutor.java:52)
23:32:58.536 [ERROR] [org.gradle.BuildExceptionReporter] 	at org.gradle.initialization.DefaultGradleLauncher.doBuildStages(DefaultGradleLauncher.java:155)
23:32:58.536 [ERROR] [org.gradle.BuildExceptionReporter] 	at org.gradle.initialization.DefaultGradleLauncher.access$200(DefaultGradleLauncher.java:36)
23:32:58.537 [ERROR] [org.gradle.BuildExceptionReporter] 	at org.gradle.initialization.DefaultGradleLauncher$1.create(DefaultGradleLauncher.java:103)
23:32:58.537 [ERROR] [org.gradle.BuildExceptionReporter] 	at org.gradle.initialization.DefaultGradleLauncher$1.create(DefaultGradleLauncher.java:97)
23:32:58.537 [ERROR] [org.gradle.BuildExceptionReporter] 	at org.gradle.internal.progress.DefaultBuildOperationExecutor.run(DefaultBuildOperationExecutor.java:90)
23:32:58.537 [ERROR] [org.gradle.BuildExceptionReporter] 	at org.gradle.internal.progress.DefaultBuildOperationExecutor.run(DefaultBuildOperationExecutor.java:62)
23:32:58.538 [ERROR] [org.gradle.BuildExceptionReporter] 	at org.gradle.initialization.DefaultGradleLauncher.doBuild(DefaultGradleLauncher.java:97)
23:32:58.538 [ERROR] [org.gradle.BuildExceptionReporter] 	at org.gradle.initialization.DefaultGradleLauncher.run(DefaultGradleLauncher.java:86)
23:32:58.538 [ERROR] [org.gradle.BuildExceptionReporter] 	at org.gradle.launcher.exec.InProcessBuildActionExecuter$DefaultBuildController.run(InProcessBuildActionExecuter.java:102)
23:32:58.539 [ERROR] [org.gradle.BuildExceptionReporter] 	at org.gradle.tooling.internal.provider.ExecuteBuildActionRunner.run(ExecuteBuildActionRunner.java:28)
23:32:58.539 [ERROR] [org.gradle.BuildExceptionReporter] 	at org.gradle.launcher.exec.ChainingBuildActionRunner.run(ChainingBuildActionRunner.java:35)
23:32:58.539 [ERROR] [org.gradle.BuildExceptionReporter] 	at org.gradle.launcher.exec.InProcessBuildActionExecuter.execute(InProcessBuildActionExecuter.java:47)
23:32:58.539 [ERROR] [org.gradle.BuildExceptionReporter] 	at org.gradle.launcher.exec.InProcessBuildActionExecuter.execute(InProcessBuildActionExecuter.java:32)
23:32:58.540 [ERROR] [org.gradle.BuildExceptionReporter] 	at org.gradle.launcher.exec.ContinuousBuildActionExecuter.execute(ContinuousBuildActionExecuter.java:77)
23:32:58.540 [ERROR] [org.gradle.BuildExceptionReporter] 	at org.gradle.launcher.exec.ContinuousBuildActionExecuter.execute(ContinuousBuildActionExecuter.java:47)
23:32:58.540 [ERROR] [org.gradle.BuildExceptionReporter] 	at org.gradle.launcher.exec.DaemonUsageSuggestingBuildActionExecuter.execute(DaemonUsageSuggestingBuildActionExecuter.java:51)
23:32:58.541 [ERROR] [org.gradle.BuildExceptionReporter] 	at org.gradle.launcher.exec.DaemonUsageSuggestingBuildActionExecuter.execute(DaemonUsageSuggestingBuildActionExecuter.java:28)
23:32:58.541 [ERROR] [org.gradle.BuildExceptionReporter] 	at org.gradle.launcher.cli.RunBuildAction.run(RunBuildAction.java:43)
23:32:58.541 [ERROR] [org.gradle.BuildExceptionReporter] 	at org.gradle.internal.Actions$RunnableActionAdapter.execute(Actions.java:170)
23:32:58.542 [ERROR] [org.gradle.BuildExceptionReporter] 	at org.gradle.launcher.cli.CommandLineActionFactory$ParseAndBuildAction.execute(CommandLineActionFactory.java:237)
23:32:58.542 [ERROR] [org.gradle.BuildExceptionReporter] 	at org.gradle.launcher.cli.CommandLineActionFactory$ParseAndBuildAction.execute(CommandLineActionFactory.java:210)
23:32:58.542 [ERROR] [org.gradle.BuildExceptionReporter] 	at org.gradle.launcher.cli.JavaRuntimeValidationAction.execute(JavaRuntimeValidationAction.java:35)
23:32:58.542 [ERROR] [org.gradle.BuildExceptionReporter] 	at org.gradle.launcher.cli.JavaRuntimeValidationAction.execute(JavaRuntimeValidationAction.java:24)
23:32:58.543 [ERROR] [org.gradle.BuildExceptionReporter] 	at org.gradle.launcher.cli.CommandLineActionFactory$WithLogging.execute(CommandLineActionFactory.java:206)
23:32:58.543 [ERROR] [org.gradle.BuildExceptionReporter] 	at org.gradle.launcher.cli.CommandLineActionFactory$WithLogging.execute(CommandLineActionFactory.java:169)
23:32:58.543 [ERROR] [org.gradle.BuildExceptionReporter] 	at org.gradle.launcher.cli.ExceptionReportingAction.execute(ExceptionReportingAction.java:33)
23:32:58.543 [ERROR] [org.gradle.BuildExceptionReporter] 	at org.gradle.launcher.cli.ExceptionReportingAction.execute(ExceptionReportingAction.java:22)
23:32:58.544 [ERROR] [org.gradle.BuildExceptionReporter] 	at org.gradle.launcher.Main.doAction(Main.java:33)
23:32:58.544 [ERROR] [org.gradle.BuildExceptionReporter] 	at org.gradle.launcher.bootstrap.EntryPoint.run(EntryPoint.java:45)
23:32:58.544 [ERROR] [org.gradle.BuildExceptionReporter] 	at org.gradle.launcher.bootstrap.ProcessBootstrap.runNoExit(ProcessBootstrap.java:54)
23:32:58.545 [ERROR] [org.gradle.BuildExceptionReporter] 	at org.gradle.launcher.bootstrap.ProcessBootstrap.run(ProcessBootstrap.java:35)
23:32:58.545 [ERROR] [org.gradle.BuildExceptionReporter] 	at org.gradle.launcher.GradleMain.main(GradleMain.java:23)
23:32:58.545 [ERROR] [org.gradle.BuildExceptionReporter] Caused by: org.gradle.internal.resolve.ModuleVersionResolveException: Could not resolve com.levelsbeyond.nimbus.common.ui:NimbusCommonLibs:1.50.0.
23:32:58.545 [ERROR] [org.gradle.BuildExceptionReporter] Required by:
23:32:58.546 [ERROR] [org.gradle.BuildExceptionReporter]     :swc-dep-test:unspecified
23:32:58.546 [ERROR] [org.gradle.BuildExceptionReporter] 	at org.gradle.api.internal.artifacts.ivyservice.ivyresolve.RepositoryChainComponentMetaDataResolver.resolveModule(RepositoryChainComponentMetaDataResolver.java:83)
23:32:58.546 [ERROR] [org.gradle.BuildExceptionReporter] 	at org.gradle.api.internal.artifacts.ivyservice.ivyresolve.RepositoryChainComponentMetaDataResolver.resolve(RepositoryChainComponentMetaDataResolver.java:59)
23:32:58.547 [ERROR] [org.gradle.BuildExceptionReporter] 	at org.gradle.api.internal.artifacts.ivyservice.resolveengine.ComponentResolversChain$ComponentMetaDataResolverChain.resolve(ComponentResolversChain.java:80)
23:32:58.547 [ERROR] [org.gradle.BuildExceptionReporter] 	at org.gradle.api.internal.artifacts.ivyservice.clientmodule.ClientModuleResolver.resolve(ClientModuleResolver.java:44)
23:32:58.547 [ERROR] [org.gradle.BuildExceptionReporter] 	at org.gradle.api.internal.artifacts.ivyservice.resolveengine.graph.DependencyGraphBuilder$ModuleVersionResolveState.resolve(DependencyGraphBuilder.java:560)
23:32:58.547 [ERROR] [org.gradle.BuildExceptionReporter] 	at org.gradle.api.internal.artifacts.ivyservice.resolveengine.graph.DependencyGraphBuilder$ModuleVersionResolveState.getMetaData(DependencyGraphBuilder.java:570)
23:32:58.547 [ERROR] [org.gradle.BuildExceptionReporter] 	at org.gradle.api.internal.artifacts.ivyservice.resolveengine.graph.DependencyGraphBuilder$DependencyEdge.calculateTargetConfigurations(DependencyGraphBuilder.java:256)
23:32:58.548 [ERROR] [org.gradle.BuildExceptionReporter] 	at org.gradle.api.internal.artifacts.ivyservice.resolveengine.graph.DependencyGraphBuilder$DependencyEdge.attachToTargetConfigurations(DependencyGraphBuilder.java:230)
23:32:58.548 [ERROR] [org.gradle.BuildExceptionReporter] 	at org.gradle.api.internal.artifacts.ivyservice.resolveengine.graph.DependencyGraphBuilder.traverseGraph(DependencyGraphBuilder.java:137)
23:32:58.548 [ERROR] [org.gradle.BuildExceptionReporter] 	at org.gradle.api.internal.artifacts.ivyservice.resolveengine.graph.DependencyGraphBuilder.resolve(DependencyGraphBuilder.java:75)
23:32:58.549 [ERROR] [org.gradle.BuildExceptionReporter] 	at org.gradle.api.internal.artifacts.ivyservice.resolveengine.DefaultArtifactDependencyResolver$1.execute(DefaultArtifactDependencyResolver.java:90)
23:32:58.549 [ERROR] [org.gradle.BuildExceptionReporter] 	at org.gradle.api.internal.artifacts.ivyservice.resolveengine.DefaultArtifactDependencyResolver$1.execute(DefaultArtifactDependencyResolver.java:80)
23:32:58.549 [ERROR] [org.gradle.BuildExceptionReporter] 	at org.gradle.internal.Transformers$4.transform(Transformers.java:137)
23:32:58.549 [ERROR] [org.gradle.BuildExceptionReporter] 	at org.gradle.api.internal.artifacts.ivyservice.DefaultIvyContextManager.withIvy(DefaultIvyContextManager.java:61)
23:32:58.550 [ERROR] [org.gradle.BuildExceptionReporter] 	at org.gradle.api.internal.artifacts.ivyservice.DefaultIvyContextManager.withIvy(DefaultIvyContextManager.java:39)
23:32:58.550 [ERROR] [org.gradle.BuildExceptionReporter] 	at org.gradle.api.internal.artifacts.ivyservice.resolveengine.DefaultArtifactDependencyResolver.resolve(DefaultArtifactDependencyResolver.java:80)
23:32:58.550 [ERROR] [org.gradle.BuildExceptionReporter] 	at org.gradle.api.internal.artifacts.ivyservice.CacheLockingArtifactDependencyResolver$1.run(CacheLockingArtifactDependencyResolver.java:41)
23:32:58.550 [ERROR] [org.gradle.BuildExceptionReporter] 	at org.gradle.internal.Factories$1.create(Factories.java:22)
23:32:58.551 [ERROR] [org.gradle.BuildExceptionReporter] 	at org.gradle.cache.internal.DefaultCacheAccess.useCache(DefaultCacheAccess.java:192)
23:32:58.551 [ERROR] [org.gradle.BuildExceptionReporter] 	at org.gradle.cache.internal.DefaultCacheAccess.useCache(DefaultCacheAccess.java:175)
23:32:58.551 [ERROR] [org.gradle.BuildExceptionReporter] 	at org.gradle.cache.internal.DefaultPersistentDirectoryStore.useCache(DefaultPersistentDirectoryStore.java:106)
23:32:58.552 [ERROR] [org.gradle.BuildExceptionReporter] 	at org.gradle.cache.internal.DefaultCacheFactory$ReferenceTrackingCache.useCache(DefaultCacheFactory.java:187)
23:32:58.552 [ERROR] [org.gradle.BuildExceptionReporter] 	at org.gradle.api.internal.artifacts.ivyservice.DefaultCacheLockingManager.useCache(DefaultCacheLockingManager.java:64)
23:32:58.552 [ERROR] [org.gradle.BuildExceptionReporter] 	at org.gradle.api.internal.artifacts.ivyservice.CacheLockingArtifactDependencyResolver.resolve(CacheLockingArtifactDependencyResolver.java:39)
23:32:58.552 [ERROR] [org.gradle.BuildExceptionReporter] 	at org.gradle.api.internal.artifacts.ivyservice.DefaultConfigurationResolver.resolve(DefaultConfigurationResolver.java:91)
23:32:58.553 [ERROR] [org.gradle.BuildExceptionReporter] 	at org.gradle.api.internal.artifacts.ivyservice.SelfResolvingDependencyConfigurationResolver.resolve(SelfResolvingDependencyConfigurationResolver.java:40)
23:32:58.553 [ERROR] [org.gradle.BuildExceptionReporter] 	at org.gradle.api.internal.artifacts.ivyservice.ShortCircuitEmptyConfigurationResolver.resolve(ShortCircuitEmptyConfigurationResolver.java:52)
23:32:58.553 [ERROR] [org.gradle.BuildExceptionReporter] 	at org.gradle.api.internal.artifacts.ivyservice.ErrorHandlingConfigurationResolver.resolve(ErrorHandlingConfigurationResolver.java:43)
23:32:58.554 [ERROR] [org.gradle.BuildExceptionReporter] 	at org.gradle.api.internal.artifacts.configurations.DefaultConfiguration.resolveGraphIfRequired(DefaultConfiguration.java:359)
23:32:58.554 [ERROR] [org.gradle.BuildExceptionReporter] 	at org.gradle.api.internal.artifacts.configurations.DefaultConfiguration.resolveNow(DefaultConfiguration.java:334)
23:32:58.554 [ERROR] [org.gradle.BuildExceptionReporter] 	at org.gradle.api.internal.artifacts.configurations.DefaultConfiguration.getResolvedConfiguration(DefaultConfiguration.java:327)
23:32:58.555 [ERROR] [org.gradle.BuildExceptionReporter] 	at org.gradle.api.internal.artifacts.configurations.DefaultConfiguration_Decorated.getResolvedConfiguration(Unknown Source)
23:32:58.555 [ERROR] [org.gradle.BuildExceptionReporter] 	at org.gradle.api.internal.artifacts.configurations.DefaultConfiguration$ConfigurationFileCollection.getFiles(DefaultConfiguration.java:642)
23:32:58.555 [ERROR] [org.gradle.BuildExceptionReporter] 	... 71 more
23:32:58.555 [ERROR] [org.gradle.BuildExceptionReporter] Caused by: org.gradle.internal.resolve.ModuleVersionResolveException: Could not resolve com.levelsbeyond.nimbus.common.ui:NimbusCommonLibs:1.50.0.
23:32:58.556 [ERROR] [org.gradle.BuildExceptionReporter] 	at org.gradle.api.internal.artifacts.ivyservice.ivyresolve.ErrorHandlingModuleComponentRepository$ErrorHandlingModuleComponentRepositoryAccess.resolveComponentMetaData(ErrorHandlingModuleComponentRepository.java:91)
23:32:58.556 [ERROR] [org.gradle.BuildExceptionReporter] 	at org.gradle.api.internal.artifacts.ivyservice.ivyresolve.ComponentMetaDataResolveState.process(ComponentMetaDataResolveState.java:66)
23:32:58.556 [ERROR] [org.gradle.BuildExceptionReporter] 	at org.gradle.api.internal.artifacts.ivyservice.ivyresolve.ComponentMetaDataResolveState.resolve(ComponentMetaDataResolveState.java:58)
23:32:58.556 [ERROR] [org.gradle.BuildExceptionReporter] 	at org.gradle.api.internal.artifacts.ivyservice.ivyresolve.RepositoryChainComponentMetaDataResolver.findBestMatch(RepositoryChainComponentMetaDataResolver.java:116)
23:32:58.556 [ERROR] [org.gradle.BuildExceptionReporter] 	at org.gradle.api.internal.artifacts.ivyservice.ivyresolve.RepositoryChainComponentMetaDataResolver.findBestMatch(RepositoryChainComponentMetaDataResolver.java:99)
23:32:58.557 [ERROR] [org.gradle.BuildExceptionReporter] 	at org.gradle.api.internal.artifacts.ivyservice.ivyresolve.RepositoryChainComponentMetaDataResolver.resolveModule(RepositoryChainComponentMetaDataResolver.java:72)
23:32:58.557 [ERROR] [org.gradle.BuildExceptionReporter] 	... 103 more
23:32:58.557 [ERROR] [org.gradle.BuildExceptionReporter] Caused by: org.gradle.internal.resource.ResourceException: Could not get resource 'http://levelsbeyond.artifactoryonline.com/levelsbeyond/libs-releases-local/com/levelsbeyond/nimbus/common/ui/NimbusCommonLibs/1.50.0/NimbusCommonLibs-1.50.0.pom'.
23:32:58.557 [ERROR] [org.gradle.BuildExceptionReporter] 	at org.gradle.internal.resource.ResourceException.failure(ResourceException.java:61)
23:32:58.558 [ERROR] [org.gradle.BuildExceptionReporter] 	at org.gradle.api.internal.artifacts.repositories.resolver.DefaultExternalResourceArtifactResolver.downloadStaticResource(DefaultExternalResourceArtifactResolver.java:99)
23:32:58.558 [ERROR] [org.gradle.BuildExceptionReporter] 	at org.gradle.api.internal.artifacts.repositories.resolver.DefaultExternalResourceArtifactResolver.resolveMetaDataArtifact(DefaultExternalResourceArtifactResolver.java:56)
23:32:58.558 [ERROR] [org.gradle.BuildExceptionReporter] 	at org.gradle.api.internal.artifacts.repositories.resolver.ExternalResourceResolver.parseMetaDataFromArtifact(ExternalResourceResolver.java:164)
23:32:58.559 [ERROR] [org.gradle.BuildExceptionReporter] 	at org.gradle.api.internal.artifacts.repositories.resolver.ExternalResourceResolver.resolveStaticDependency(ExternalResourceResolver.java:143)
23:32:58.559 [ERROR] [org.gradle.BuildExceptionReporter] 	at org.gradle.api.internal.artifacts.repositories.resolver.MavenResolver.doResolveComponentMetaData(MavenResolver.java:93)
23:32:58.559 [ERROR] [org.gradle.BuildExceptionReporter] 	at org.gradle.api.internal.artifacts.repositories.resolver.ExternalResourceResolver$RemoteRepositoryAccess.resolveComponentMetaData(ExternalResourceResolver.java:408)
23:32:58.560 [ERROR] [org.gradle.BuildExceptionReporter] 	at org.gradle.api.internal.artifacts.ivyservice.ivyresolve.CacheLockReleasingModuleComponentsRepository$LockReleasingRepositoryAccess$2.run(CacheLockReleasingModuleComponentsRepository.java:71)
23:32:58.560 [ERROR] [org.gradle.BuildExceptionReporter] 	at org.gradle.internal.Factories$1.create(Factories.java:22)
23:32:58.560 [ERROR] [org.gradle.BuildExceptionReporter] 	at org.gradle.cache.internal.DefaultCacheAccess.longRunningOperation(DefaultCacheAccess.java:242)
23:32:58.560 [ERROR] [org.gradle.BuildExceptionReporter] 	at org.gradle.cache.internal.DefaultCacheAccess.longRunningOperation(DefaultCacheAccess.java:313)
23:32:58.560 [ERROR] [org.gradle.BuildExceptionReporter] 	at org.gradle.cache.internal.DefaultPersistentDirectoryStore.longRunningOperation(DefaultPersistentDirectoryStore.java:114)
23:32:58.561 [ERROR] [org.gradle.BuildExceptionReporter] 	at org.gradle.cache.internal.DefaultCacheFactory$ReferenceTrackingCache.longRunningOperation(DefaultCacheFactory.java:179)
23:32:58.561 [ERROR] [org.gradle.BuildExceptionReporter] 	at org.gradle.api.internal.artifacts.ivyservice.DefaultCacheLockingManager.longRunningOperation(DefaultCacheLockingManager.java:56)
23:32:58.561 [ERROR] [org.gradle.BuildExceptionReporter] 	at org.gradle.api.internal.artifacts.ivyservice.ivyresolve.CacheLockReleasingModuleComponentsRepository$LockReleasingRepositoryAccess.resolveComponentMetaData(CacheLockReleasingModuleComponentsRepository.java:69)
23:32:58.562 [ERROR] [org.gradle.BuildExceptionReporter] 	at org.gradle.api.internal.artifacts.ivyservice.ivyresolve.CachingModuleComponentRepository$ResolveAndCacheRepositoryAccess.resolveComponentMetaData(CachingModuleComponentRepository.java:297)
23:32:58.562 [ERROR] [org.gradle.BuildExceptionReporter] 	at org.gradle.api.internal.artifacts.ivyservice.ivyresolve.BaseModuleComponentRepositoryAccess.resolveComponentMetaData(BaseModuleComponentRepositoryAccess.java:42)
23:32:58.562 [ERROR] [org.gradle.BuildExceptionReporter] 	at org.gradle.api.internal.artifacts.ivyservice.ivyresolve.memcache.InMemoryCachedModuleComponentRepository$CachedAccess.resolveComponentMetaData(InMemoryCachedModuleComponentRepository.java:75)
23:32:58.562 [ERROR] [org.gradle.BuildExceptionReporter] 	at org.gradle.api.internal.artifacts.ivyservice.ivyresolve.ErrorHandlingModuleComponentRepository$ErrorHandlingModuleComponentRepositoryAccess.resolveComponentMetaData(ErrorHandlingModuleComponentRepository.java:89)
23:32:58.563 [ERROR] [org.gradle.BuildExceptionReporter] 	... 108 more
23:32:58.563 [ERROR] [org.gradle.BuildExceptionReporter] Caused by: org.gradle.api.UncheckedIOException: Could not GET 'http://levelsbeyond.artifactoryonline.com/levelsbeyond/libs-releases-local/com/levelsbeyond/nimbus/common/ui/NimbusCommonLibs/1.50.0/NimbusCommonLibs-1.50.0.pom'. Received status code 401 from server: Unauthorized
23:32:58.563 [ERROR] [org.gradle.BuildExceptionReporter] 	at org.gradle.internal.resource.transport.http.HttpClientHelper.processResponse(HttpClientHelper.java:123)
23:32:58.563 [ERROR] [org.gradle.BuildExceptionReporter] 	at org.gradle.internal.resource.transport.http.HttpClientHelper.performGet(HttpClientHelper.java:73)
23:32:58.564 [ERROR] [org.gradle.BuildExceptionReporter] 	at org.gradle.internal.resource.transport.http.HttpResourceAccessor.openResource(HttpResourceAccessor.java:51)
23:32:58.564 [ERROR] [org.gradle.BuildExceptionReporter] 	at org.gradle.internal.resource.transport.http.HttpResourceAccessor.openResource(HttpResourceAccessor.java:34)
23:32:58.564 [ERROR] [org.gradle.BuildExceptionReporter] 	at org.gradle.internal.resource.transfer.DefaultExternalResourceConnector.openResource(DefaultExternalResourceConnector.java:41)
23:32:58.565 [ERROR] [org.gradle.BuildExceptionReporter] 	at org.gradle.internal.resource.transfer.ProgressLoggingExternalResourceAccessor.openResource(ProgressLoggingExternalResourceAccessor.java:36)
23:32:58.565 [ERROR] [org.gradle.BuildExceptionReporter] 	at org.gradle.internal.resource.transport.DefaultExternalResourceRepository.getResource(DefaultExternalResourceRepository.java:63)
23:32:58.565 [ERROR] [org.gradle.BuildExceptionReporter] 	at org.gradle.internal.resource.transfer.DefaultCacheAwareExternalResourceAccessor.getResource(DefaultCacheAwareExternalResourceAccessor.java:75)
23:32:58.565 [ERROR] [org.gradle.BuildExceptionReporter] 	at org.gradle.api.internal.artifacts.repositories.resolver.DefaultExternalResourceArtifactResolver.downloadStaticResource(DefaultExternalResourceArtifactResolver.java:90)
23:32:58.565 [ERROR] [org.gradle.BuildExceptionReporter] 	... 125 more
23:32:58.565 [ERROR] [org.gradle.BuildExceptionReporter] 
